Using pre-set license
Built from '2021.3/staging' branch; Version is '2021.3.18f1 (3129e69bc0c7) revision 3221990'; Using compiler version '192829333'; Build Type 'Release'
OS: 'Windows 11  (10.0.22621) 64bit Professional' Language: 'tr' Physical Memory: 16125 MB
BatchMode: 1, IsHumanControllingUs: 0, StartBugReporterOnCrash: 0, Is64bit: 1, IsPro: 1

COMMAND LINE ARGUMENTS:
C:\Program Files\Unity\Hub\Editor\2021.3.18f1\Editor\Unity.exe
-adb2
-batchMode
-noUpm
-name
AssetImportWorker6
-projectPath
C:/Users/habip/OneDrive/Masaüstü/UNITY/ödevler/Üretken Akademi Hafta 7
-logFile
Logs/AssetImportWorker6.log
-srvPort
61775
Successfully changed project path to: C:/Users/habip/OneDrive/Masaüstü/UNITY/ödevler/Üretken Akademi Hafta 7
C:/Users/habip/OneDrive/Masaüstü/UNITY/ödevler/Üretken Akademi Hafta 7
[UnityMemory] Configuration Parameters - Can be set up in boot.config
    "memorysetup-bucket-allocator-granularity=16"
    "memorysetup-bucket-allocator-bucket-count=8"
    "memorysetup-bucket-allocator-block-size=33554432"
    "memorysetup-bucket-allocator-block-count=8"
    "memorysetup-main-allocator-block-size=16777216"
    "memorysetup-thread-allocator-block-size=16777216"
    "memorysetup-gfx-main-allocator-block-size=16777216"
    "memorysetup-gfx-thread-allocator-block-size=16777216"
    "memorysetup-cache-allocator-block-size=4194304"
    "memorysetup-typetree-allocator-block-size=2097152"
    "memorysetup-profiler-bucket-allocator-granularity=16"
    "memorysetup-profiler-bucket-allocator-bucket-count=8"
    "memorysetup-profiler-bucket-allocator-block-size=33554432"
    "memorysetup-profiler-bucket-allocator-block-count=8"
    "memorysetup-profiler-allocator-block-size=16777216"
    "memorysetup-profiler-editor-allocator-block-size=1048576"
    "memorysetup-temp-allocator-size-main=16777216"
    "memorysetup-job-temp-allocator-block-size=2097152"
    "memorysetup-job-temp-allocator-block-size-background=1048576"
    "memorysetup-job-temp-allocator-reduction-small-platforms=262144"
    "memorysetup-temp-allocator-size-background-worker=32768"
    "memorysetup-temp-allocator-size-job-worker=262144"
    "memorysetup-temp-allocator-size-preload-manager=33554432"
    "memorysetup-temp-allocator-size-nav-mesh-worker=65536"
    "memorysetup-temp-allocator-size-audio-worker=65536"
    "memorysetup-temp-allocator-size-cloud-worker=32768"
    "memorysetup-temp-allocator-size-gi-baking-worker=262144"
    "memorysetup-temp-allocator-size-gfx=262144"
Player connection [27432] Host "[IP] 192.168.1.15 [Port] 0 [Flags] 2 [Guid] 2470277533 [EditorId] 2470277533 [Version] 1048832 [Id] WindowsEditor(7,AKYOL) [Debug] 1 [PackageName] WindowsEditor [ProjectName] Editor" joined multi-casting on [225.0.0.222:54997]...

Player connection [27432] Host "[IP] 192.168.1.15 [Port] 0 [Flags] 2 [Guid] 2470277533 [EditorId] 2470277533 [Version] 1048832 [Id] WindowsEditor(7,AKYOL) [Debug] 1 [PackageName] WindowsEditor [ProjectName] Editor" joined alternative multi-casting on [225.0.0.222:34997]...

Refreshing native plugins compatible for Editor in 84.46 ms, found 3 plugins.
Preloading 0 native plugins for Editor in 0.00 ms.
Initialize engine version: 2021.3.18f1 (3129e69bc0c7)
[Subsystems] Discovering subsystems at path C:/Program Files/Unity/Hub/Editor/2021.3.18f1/Editor/Data/Resources/UnitySubsystems
[Subsystems] Discovering subsystems at path C:/Users/habip/OneDrive/Masaüstü/UNITY/ödevler/Üretken Akademi Hafta 7/Assets
GfxDevice: creating device client; threaded=0; jobified=0
Direct3D:
    Version:  Direct3D 11.0 [level 11.1]
    Renderer: NVIDIA GeForce RTX 3050 Ti Laptop GPU (ID=0x25a0)
    Vendor:   NVIDIA
    VRAM:     3976 MB
    Driver:   31.0.15.3667
Initialize mono
Mono path[0] = 'C:/Program Files/Unity/Hub/Editor/2021.3.18f1/Editor/Data/Managed'
Mono path[1] = 'C:/Program Files/Unity/Hub/Editor/2021.3.18f1/Editor/Data/MonoBleedingEdge/lib/mono/unityjit-win32'
Mono config path = 'C:/Program Files/Unity/Hub/Editor/2021.3.18f1/Editor/Data/MonoBleedingEdge/etc'
Using monoOptions --debugger-agent=transport=dt_socket,embedding=1,server=y,suspend=n,address=127.0.0.1:56532
Begin MonoManager ReloadAssembly
Registering precompiled unity dll's ...
Register platform support module: C:/Program Files/Unity/Hub/Editor/2021.3.18f1/Editor/Data/PlaybackEngines/WebGLSupport/UnityEditor.WebGL.Extensions.dll
Register platform support module: C:/Program Files/Unity/Hub/Editor/2021.3.18f1/Editor/Data/PlaybackEngines/AndroidPlayer/UnityEditor.Android.Extensions.dll
Register platform support module: C:/Program Files/Unity/Hub/Editor/2021.3.18f1/Editor/Data/PlaybackEngines/WindowsStandaloneSupport/UnityEditor.WindowsStandalone.Extensions.dll
Registered in 0.007165 seconds.
Native extension for WindowsStandalone target not found
Native extension for Android target not found
Android Extension - Scanning For ADB Devices 310 ms
Native extension for WebGL target not found
Refreshing native plugins compatible for Editor in 103.24 ms, found 3 plugins.
Preloading 0 native plugins for Editor in 0.00 ms.
Mono: successfully reloaded assembly
- Completed reload, in  1.028 seconds
Domain Reload Profiling:
	ReloadAssembly (1029ms)
		BeginReloadAssembly (77ms)
			ExecutionOrderSort (0ms)
			DisableScriptedObjects (0ms)
			BackupInstance (0ms)
			ReleaseScriptingObjects (0ms)
			CreateAndSetChildDomain (1ms)
		EndReloadAssembly (833ms)
			LoadAssemblies (75ms)
			RebuildTransferFunctionScriptingTraits (0ms)
			SetupTypeCache (125ms)
			ReleaseScriptCaches (0ms)
			RebuildScriptCaches (37ms)
			SetupLoadedEditorAssemblies (615ms)
				LogAssemblyErrors (0ms)
				InitializePlatformSupportModulesInManaged (397ms)
				SetLoadedEditorAssemblies (0ms)
				RefreshPlugins (103ms)
				BeforeProcessingInitializeOnLoad (1ms)
				ProcessInitializeOnLoadAttributes (78ms)
				ProcessInitializeOnLoadMethodAttributes (36ms)
				AfterProcessingInitializeOnLoad (0ms)
				EditorAssembliesLoaded (0ms)
			ExecutionOrderSort2 (0ms)
			AwakeInstancesAfterBackupRestoration (0ms)
Platform modules already initialized, skipping
Registering precompiled user dll's ...
Registered in 0.002927 seconds.
Begin MonoManager ReloadAssembly
Symbol file LoadedFromMemory doesn't match image C:\Users\habip\OneDrive\Masaüstü\UNITY\ödevler\Üretken Akademi Hafta 7\Library\PackageCache\com.unity.visualscripting@1.8.0\Editor\VisualScripting.Core\Dependencies\YamlDotNet\Unity.VisualScripting.YamlDotNet.dll
Symbol file LoadedFromMemory doesn't match image C:\Users\habip\OneDrive\Masaüstü\UNITY\ödevler\Üretken Akademi Hafta 7\Library\PackageCache\com.unity.visualscripting@1.8.0\Editor\VisualScripting.Core\Dependencies\DotNetZip\Unity.VisualScripting.IonicZip.dll
Native extension for WindowsStandalone target not found
Native extension for Android target not found
Native extension for WebGL target not found
Refreshing native plugins compatible for Editor in 0.48 ms, found 3 plugins.
Preloading 0 native plugins for Editor in 0.00 ms.
Mono: successfully reloaded assembly
- Completed reload, in  0.843 seconds
Domain Reload Profiling:
	ReloadAssembly (844ms)
		BeginReloadAssembly (74ms)
			ExecutionOrderSort (0ms)
			DisableScriptedObjects (4ms)
			BackupInstance (0ms)
			ReleaseScriptingObjects (0ms)
			CreateAndSetChildDomain (16ms)
		EndReloadAssembly (685ms)
			LoadAssemblies (49ms)
			RebuildTransferFunctionScriptingTraits (0ms)
			SetupTypeCache (250ms)
			ReleaseScriptCaches (1ms)
			RebuildScriptCaches (43ms)
			SetupLoadedEditorAssemblies (289ms)
				LogAssemblyErrors (0ms)
				InitializePlatformSupportModulesInManaged (15ms)
				SetLoadedEditorAssemblies (0ms)
				RefreshPlugins (1ms)
				BeforeProcessingInitializeOnLoad (64ms)
				ProcessInitializeOnLoadAttributes (190ms)
				ProcessInitializeOnLoadMethodAttributes (16ms)
				AfterProcessingInitializeOnLoad (4ms)
				EditorAssembliesLoaded (0ms)
			ExecutionOrderSort2 (0ms)
			AwakeInstancesAfterBackupRestoration (5ms)
Platform modules already initialized, skipping
========================================================================
Worker process is ready to serve import requests
Launched and connected shader compiler UnityShaderCompiler.exe after 0.06 seconds
Refreshing native plugins compatible for Editor in 0.96 ms, found 3 plugins.
Preloading 0 native plugins for Editor in 0.00 ms.
Unloading 3101 Unused Serialized files (Serialized files now loaded: 0)
Unloading 24 unused Assets / (113.9 KB). Loaded Objects now: 3566.
Memory consumption went from 112.5 MB to 112.4 MB.
Total: 3.485600 ms (FindLiveObjects: 0.337800 ms CreateObjectMapping: 0.164300 ms MarkObjects: 2.846100 ms  DeleteObjects: 0.136000 ms)

AssetImportParameters requested are different than current active one (requested -> active):
  custom:video-decoder-ogg-theora: a1e56fd34408186e4bbccfd4996cb3dc -> 
  custom:container-muxer-webm: aa71ff27fc2769a1b78a27578f13a17b -> 
  custom:container-demuxer-webm: 4f35f7cbe854078d1ac9338744f61a02 -> 
  custom:video-encoder-webm-vp8: eb34c28f22e8b96e1ab97ce403110664 -> 
  custom:video-codec-MediaFoundation-h265: 746d11721c4dcdbdad8f713fa42b33f4 -> 
  custom:audio-encoder-webm-vorbis: bf7c407c2cedff20999df2af8eb42d56 -> 
  custom:framework-win-MediaFoundation: 216162199b28c13a410421893ffa2e32 -> 
  custom:container-demuxer-ogg: 62fdf1f143b41e24485cea50d1cbac27 -> 
  custom:video-decoder-webm-vp8: 9c59270c3fd7afecdb556c50c9e8de78 -> 
  custom:audio-decoder-ogg-vorbis: bf7c407c2cedff20999df2af8eb42d56 -> 
========================================================================
Received Import Request.
  Time since last request: 481162.200808 seconds.
  path: Assets/Obstacle/Ultimate House Interior Pack - June 2020/FBX/Bathroom_Mirror1.fbx
  artifactKey: Guid(1e3d40532ddd69a41bfe62cabffbde4e) Importer(815301076,1909f56bfc062723c751e8b465ee728b)
Start importing Assets/Obstacle/Ultimate House Interior Pack - June 2020/FBX/Bathroom_Mirror1.fbx using Guid(1e3d40532ddd69a41bfe62cabffbde4e) Importer(815301076,1909f56bfc062723c751e8b465ee728b)  -> (artifact id: 'd8139b0fd8229fb053f5c6bd98cecc5f') in 0.185186 seconds 
========================================================================
Received Import Request.
  Time since last request: 0.000026 seconds.
  path: Assets/Obstacle/Ultimate House Interior Pack - June 2020/FBX/Light_Chandelier.fbx
  artifactKey: Guid(ae70edb3d003ab74fa134578a4d409f2) Importer(815301076,1909f56bfc062723c751e8b465ee728b)
Start importing Assets/Obstacle/Ultimate House Interior Pack - June 2020/FBX/Light_Chandelier.fbx using Guid(ae70edb3d003ab74fa134578a4d409f2) Importer(815301076,1909f56bfc062723c751e8b465ee728b)  -> (artifact id: '7f003784bfe71d221eade7ae30fe121b') in 0.025519 seconds 
========================================================================
Received Import Request.
  Time since last request: 0.000036 seconds.
  path: Assets/Obstacle/Ultimate House Interior Pack - June 2020/FBX/Carpet_Round.fbx
  artifactKey: Guid(22460239eeb18224cada6e8c4ccf6c95) Importer(815301076,1909f56bfc062723c751e8b465ee728b)
Start importing Assets/Obstacle/Ultimate House Interior Pack - June 2020/FBX/Carpet_Round.fbx using Guid(22460239eeb18224cada6e8c4ccf6c95) Importer(815301076,1909f56bfc062723c751e8b465ee728b)  -> (artifact id: '370eabe8ffbc93911607ead60d064432') in 0.026126 seconds 
========================================================================
Received Import Request.
  Time since last request: 0.000031 seconds.
  path: Assets/Obstacle/Ultimate House Interior Pack - June 2020/FBX/Couch_Medium2.fbx
  artifactKey: Guid(9b66db4dec0c0034aab085ce18adee1e) Importer(815301076,1909f56bfc062723c751e8b465ee728b)
Start importing Assets/Obstacle/Ultimate House Interior Pack - June 2020/FBX/Couch_Medium2.fbx using Guid(9b66db4dec0c0034aab085ce18adee1e) Importer(815301076,1909f56bfc062723c751e8b465ee728b)  -> (artifact id: 'f3369c6f98fd7cc9c00c35eaf4c69dc2') in 0.028496 seconds 
========================================================================
Received Import Request.
  Time since last request: 0.000017 seconds.
  path: Assets/Obstacle/Ultimate House Interior Pack - June 2020/FBX/Couch_Large2.fbx
  artifactKey: Guid(6d6164308a43ad84bb2f6573fc9073d5) Importer(815301076,1909f56bfc062723c751e8b465ee728b)
Start importing Assets/Obstacle/Ultimate House Interior Pack - June 2020/FBX/Couch_Large2.fbx using Guid(6d6164308a43ad84bb2f6573fc9073d5) Importer(815301076,1909f56bfc062723c751e8b465ee728b)  -> (artifact id: '6c01920f951d91b97222451773ecd6fc') in 0.024482 seconds 
========================================================================
Received Import Request.
  Time since last request: 0.000017 seconds.
  path: Assets/Obstacle/Ultimate House Interior Pack - June 2020/FBX/Door_5.fbx
  artifactKey: Guid(f02e088d03711c8499cdf2aa624dd385) Importer(815301076,1909f56bfc062723c751e8b465ee728b)
Start importing Assets/Obstacle/Ultimate House Interior Pack - June 2020/FBX/Door_5.fbx using Guid(f02e088d03711c8499cdf2aa624dd385) Importer(815301076,1909f56bfc062723c751e8b465ee728b)  -> (artifact id: 'ab866f674764e056a40b9a9c52e86e60') in 0.023469 seconds 
========================================================================
Received Import Request.
  Time since last request: 0.000021 seconds.
  path: Assets/Obstacle/Ultimate House Interior Pack - June 2020/FBX/Drawer_4.fbx
  artifactKey: Guid(ebcd11cfc0bd0cf4a97016a26c59a087) Importer(815301076,1909f56bfc062723c751e8b465ee728b)
Start importing Assets/Obstacle/Ultimate House Interior Pack - June 2020/FBX/Drawer_4.fbx using Guid(ebcd11cfc0bd0cf4a97016a26c59a087) Importer(815301076,1909f56bfc062723c751e8b465ee728b)  -> (artifact id: '67dc70f68a6b878aafe173adabb33ffb') in 0.028692 seconds 
========================================================================
Received Import Request.
  Time since last request: 0.000022 seconds.
  path: Assets/Obstacle/Ultimate House Interior Pack - June 2020/FBX/Knife.fbx
  artifactKey: Guid(49ba4cf1eaf701a44a7558415f4bb351) Importer(815301076,1909f56bfc062723c751e8b465ee728b)
Start importing Assets/Obstacle/Ultimate House Interior Pack - June 2020/FBX/Knife.fbx using Guid(49ba4cf1eaf701a44a7558415f4bb351) Importer(815301076,1909f56bfc062723c751e8b465ee728b)  -> (artifact id: 'af923d4d12776dedb45d1e178efb204d') in 0.020085 seconds 
========================================================================
Received Import Request.
  Time since last request: 0.000025 seconds.
  path: Assets/Obstacle/Ultimate House Interior Pack - June 2020/FBX/Bathroom_Towel.fbx
  artifactKey: Guid(683b6370ed49e844f98a1398121cf714) Importer(815301076,1909f56bfc062723c751e8b465ee728b)
Start importing Assets/Obstacle/Ultimate House Interior Pack - June 2020/FBX/Bathroom_Towel.fbx using Guid(683b6370ed49e844f98a1398121cf714) Importer(815301076,1909f56bfc062723c751e8b465ee728b)  -> (artifact id: 'a1eaa1481040bcac8e05b17adab65494') in 0.027211 seconds 
========================================================================
Received Import Request.
  Time since last request: 0.000022 seconds.
  path: Assets/Obstacle/Ultimate House Interior Pack - June 2020/FBX/Chair_1.fbx
  artifactKey: Guid(4f84aa16354650943a05f7bb582ccb83) Importer(815301076,1909f56bfc062723c751e8b465ee728b)
Start importing Assets/Obstacle/Ultimate House Interior Pack - June 2020/FBX/Chair_1.fbx using Guid(4f84aa16354650943a05f7bb582ccb83) Importer(815301076,1909f56bfc062723c751e8b465ee728b)  -> (artifact id: '3f8b359ed7c4cc60bac824165ff8cfb4') in 0.020866 seconds 
========================================================================
Received Import Request.
  Time since last request: 0.000040 seconds.
  path: Assets/Obstacle/Ultimate House Interior Pack - June 2020/FBX/Bed_Single.fbx
  artifactKey: Guid(c6bf09329743a0246886e7e6f7e9650f) Importer(815301076,1909f56bfc062723c751e8b465ee728b)
Start importing Assets/Obstacle/Ultimate House Interior Pack - June 2020/FBX/Bed_Single.fbx using Guid(c6bf09329743a0246886e7e6f7e9650f) Importer(815301076,1909f56bfc062723c751e8b465ee728b)  -> (artifact id: '761cb7b5461f9bd549f7db5cd3ec2162') in 0.036204 seconds 
========================================================================
Received Import Request.
  Time since last request: 0.000028 seconds.
  path: Assets/Obstacle/Ultimate House Interior Pack - June 2020/FBX/Door_6.fbx
  artifactKey: Guid(38641980b76e0b84694aca60ae6c4cdc) Importer(815301076,1909f56bfc062723c751e8b465ee728b)
Start importing Assets/Obstacle/Ultimate House Interior Pack - June 2020/FBX/Door_6.fbx using Guid(38641980b76e0b84694aca60ae6c4cdc) Importer(815301076,1909f56bfc062723c751e8b465ee728b)  -> (artifact id: 'a0ef4a3b1ff6f8db2d9bfe3dcb863847') in 0.032598 seconds 
========================================================================
Received Import Request.
  Time since last request: 0.000024 seconds.
  path: Assets/Obstacle/Ultimate House Interior Pack - June 2020/FBX/Curtains_Double.fbx
  artifactKey: Guid(316f64a307e022b4e9cca52ad4caa8c1) Importer(815301076,1909f56bfc062723c751e8b465ee728b)
Start importing Assets/Obstacle/Ultimate House Interior Pack - June 2020/FBX/Curtains_Double.fbx using Guid(316f64a307e022b4e9cca52ad4caa8c1) Importer(815301076,1909f56bfc062723c751e8b465ee728b)  -> (artifact id: 'dad916e5287a0207a62aead9035f8e4d') in 0.026235 seconds 
========================================================================
Received Import Request.
  Time since last request: 0.000020 seconds.
  path: Assets/Obstacle/Ultimate House Interior Pack - June 2020/FBX/Couch_L.fbx
  artifactKey: Guid(aeb96b43619c52940b2531b70b90c03e) Importer(815301076,1909f56bfc062723c751e8b465ee728b)
Start importing Assets/Obstacle/Ultimate House Interior Pack - June 2020/FBX/Couch_L.fbx using Guid(aeb96b43619c52940b2531b70b90c03e) Importer(815301076,1909f56bfc062723c751e8b465ee728b)  -> (artifact id: '30dea73c40b114ed20b4d77c56a9b050') in 0.026462 seconds 
========================================================================
Received Import Request.
  Time since last request: 0.000027 seconds.
  path: Assets/Obstacle/Ultimate House Interior Pack - June 2020/FBX/Couch_Large3.fbx
  artifactKey: Guid(4b939c02693cdbf41b5b79fc6ce21d0f) Importer(815301076,1909f56bfc062723c751e8b465ee728b)
Start importing Assets/Obstacle/Ultimate House Interior Pack - June 2020/FBX/Couch_Large3.fbx using Guid(4b939c02693cdbf41b5b79fc6ce21d0f) Importer(815301076,1909f56bfc062723c751e8b465ee728b)  -> (artifact id: 'e953be51a05e93a7c967f074a2050d0f') in 0.022531 seconds 
========================================================================
Received Import Request.
  Time since last request: 0.000021 seconds.
  path: Assets/Obstacle/Ultimate House Interior Pack - June 2020/FBX/Bed_King.fbx
  artifactKey: Guid(c1b2400da7e5c864e92aea45727b39f8) Importer(815301076,1909f56bfc062723c751e8b465ee728b)
Start importing Assets/Obstacle/Ultimate House Interior Pack - June 2020/FBX/Bed_King.fbx using Guid(c1b2400da7e5c864e92aea45727b39f8) Importer(815301076,1909f56bfc062723c751e8b465ee728b)  -> (artifact id: '127e2ed1a674345b5ef1a1de8ffbd79f') in 0.037748 seconds 
========================================================================
Received Import Request.
  Time since last request: 0.000029 seconds.
  path: Assets/Obstacle/Ultimate House Interior Pack - June 2020/FBX/Drawer_2.fbx
  artifactKey: Guid(1ee112a9dba0dbb4b880c8166ebcba5f) Importer(815301076,1909f56bfc062723c751e8b465ee728b)
Start importing Assets/Obstacle/Ultimate House Interior Pack - June 2020/FBX/Drawer_2.fbx using Guid(1ee112a9dba0dbb4b880c8166ebcba5f) Importer(815301076,1909f56bfc062723c751e8b465ee728b)  -> (artifact id: '86e3e0bf3902a2e0f1978aeee74bad67') in 0.030290 seconds 
========================================================================
Received Import Request.
  Time since last request: 0.000033 seconds.
  path: Assets/Obstacle/Ultimate House Interior Pack - June 2020/FBX/Curtains_Single.fbx
  artifactKey: Guid(840b670c0cf9c404b86f13e57bd61762) Importer(815301076,1909f56bfc062723c751e8b465ee728b)
Start importing Assets/Obstacle/Ultimate House Interior Pack - June 2020/FBX/Curtains_Single.fbx using Guid(840b670c0cf9c404b86f13e57bd61762) Importer(815301076,1909f56bfc062723c751e8b465ee728b)  -> (artifact id: '4082513ffd38375b811eb0ad13dd1e94') in 0.024089 seconds 
========================================================================
Received Import Request.
  Time since last request: 0.172106 seconds.
  path: Assets/Obstacle/Ultimate House Interior Pack - June 2020/OBJ/Bathroom_Mirror1.obj
  artifactKey: Guid(b7684dd72ab82114b829b6997dad8b9d) Importer(815301076,1909f56bfc062723c751e8b465ee728b)
Start importing Assets/Obstacle/Ultimate House Interior Pack - June 2020/OBJ/Bathroom_Mirror1.obj using Guid(b7684dd72ab82114b829b6997dad8b9d) Importer(815301076,1909f56bfc062723c751e8b465ee728b)  -> (artifact id: '76c73e19f77f95824e35423b39de7513') in 0.025093 seconds 
========================================================================
Received Import Request.
  Time since last request: 0.000025 seconds.
  path: Assets/Obstacle/Ultimate House Interior Pack - June 2020/OBJ/Bookshelf.obj
  artifactKey: Guid(8bf14904fad1b3e44b66ae59977f303a) Importer(815301076,1909f56bfc062723c751e8b465ee728b)
Start importing Assets/Obstacle/Ultimate House Interior Pack - June 2020/OBJ/Bookshelf.obj using Guid(8bf14904fad1b3e44b66ae59977f303a) Importer(815301076,1909f56bfc062723c751e8b465ee728b)  -> (artifact id: '4a1a9e08ce73e9626de2f76cc3bd9e3c') in 0.024538 seconds 
========================================================================
Received Import Request.
  Time since last request: 0.000049 seconds.
  path: Assets/Obstacle/Ultimate House Interior Pack - June 2020/OBJ/Column_SquareSmall.obj
  artifactKey: Guid(ebe7c3cb26ffaf448ae3b93c95345f5c) Importer(815301076,1909f56bfc062723c751e8b465ee728b)
Start importing Assets/Obstacle/Ultimate House Interior Pack - June 2020/OBJ/Column_SquareSmall.obj using Guid(ebe7c3cb26ffaf448ae3b93c95345f5c) Importer(815301076,1909f56bfc062723c751e8b465ee728b)  -> (artifact id: '1895e7e0c60892dc46ccabd01c3860a0') in 0.026373 seconds 
========================================================================
Received Import Request.
  Time since last request: 0.000023 seconds.
  path: Assets/Obstacle/Ultimate House Interior Pack - June 2020/OBJ/Bed_Single.obj
  artifactKey: Guid(ee3c11cdff68a5d499a0a63b0d7868b6) Importer(815301076,1909f56bfc062723c751e8b465ee728b)
Start importing Assets/Obstacle/Ultimate House Interior Pack - June 2020/OBJ/Bed_Single.obj using Guid(ee3c11cdff68a5d499a0a63b0d7868b6) Importer(815301076,1909f56bfc062723c751e8b465ee728b)  -> (artifact id: 'd12f5750fbe330b7343d75a685603391') in 0.037115 seconds 
========================================================================
Received Import Request.
  Time since last request: 0.000023 seconds.
  path: Assets/Obstacle/Ultimate House Interior Pack - June 2020/OBJ/Bathroom_Toilet2.obj
  artifactKey: Guid(8764f4d2e70c27c428ce3e20daf63ee1) Importer(815301076,1909f56bfc062723c751e8b465ee728b)
Start importing Assets/Obstacle/Ultimate House Interior Pack - June 2020/OBJ/Bathroom_Toilet2.obj using Guid(8764f4d2e70c27c428ce3e20daf63ee1) Importer(815301076,1909f56bfc062723c751e8b465ee728b)  -> (artifact id: 'a54e1dde19a745b58bc8819183c3613e') in 0.023928 seconds 
========================================================================
Received Import Request.
  Time since last request: 0.000018 seconds.
  path: Assets/Obstacle/Ultimate House Interior Pack - June 2020/OBJ/Chair_4.obj
  artifactKey: Guid(ba02c868b0f5396478e4948cab1b3114) Importer(815301076,1909f56bfc062723c751e8b465ee728b)
Start importing Assets/Obstacle/Ultimate House Interior Pack - June 2020/OBJ/Chair_4.obj using Guid(ba02c868b0f5396478e4948cab1b3114) Importer(815301076,1909f56bfc062723c751e8b465ee728b)  -> (artifact id: '14f4870dd900886f79a0d46288293a13') in 0.024258 seconds 
========================================================================
Received Import Request.
  Time since last request: 0.000019 seconds.
  path: Assets/Obstacle/Ultimate House Interior Pack - June 2020/OBJ/Chair_1.obj
  artifactKey: Guid(132ae36e1894c554382072f66716a083) Importer(815301076,1909f56bfc062723c751e8b465ee728b)
Start importing Assets/Obstacle/Ultimate House Interior Pack - June 2020/OBJ/Chair_1.obj using Guid(132ae36e1894c554382072f66716a083) Importer(815301076,1909f56bfc062723c751e8b465ee728b)  -> (artifact id: '313bdcfbfbd8f39a13e4d17fc3eb76c9') in 0.024764 seconds 
========================================================================
Received Import Request.
  Time since last request: 0.000020 seconds.
  path: Assets/Obstacle/Ultimate House Interior Pack - June 2020/OBJ/Column_Round1.obj
  artifactKey: Guid(f20850c4d75cdb140aae7852674a2351) Importer(815301076,1909f56bfc062723c751e8b465ee728b)
Start importing Assets/Obstacle/Ultimate House Interior Pack - June 2020/OBJ/Column_Round1.obj using Guid(f20850c4d75cdb140aae7852674a2351) Importer(815301076,1909f56bfc062723c751e8b465ee728b)  -> (artifact id: 'eea27701366879b13a1920aeeacfc371') in 0.024557 seconds 
========================================================================
Received Import Request.
  Time since last request: 0.000035 seconds.
  path: Assets/Obstacle/Ultimate House Interior Pack - June 2020/OBJ/Couch_Medium1.obj
  artifactKey: Guid(15e06b1387912bd41bd7d46ab7a43fb4) Importer(815301076,1909f56bfc062723c751e8b465ee728b)
Start importing Assets/Obstacle/Ultimate House Interior Pack - June 2020/OBJ/Couch_Medium1.obj using Guid(15e06b1387912bd41bd7d46ab7a43fb4) Importer(815301076,1909f56bfc062723c751e8b465ee728b)  -> (artifact id: 'b2553a998ddc76ccbd509f832b97d2e6') in 0.024678 seconds 
========================================================================
Received Import Request.
  Time since last request: 0.000041 seconds.
  path: Assets/Obstacle/Ultimate House Interior Pack - June 2020/OBJ/Chair_2.obj
  artifactKey: Guid(c7a3b28efedb75745be00adff73f2eb9) Importer(815301076,1909f56bfc062723c751e8b465ee728b)
Start importing Assets/Obstacle/Ultimate House Interior Pack - June 2020/OBJ/Chair_2.obj using Guid(c7a3b28efedb75745be00adff73f2eb9) Importer(815301076,1909f56bfc062723c751e8b465ee728b)  -> (artifact id: 'c2dcbde90be58d65a0447bbd0277a311') in 0.028073 seconds 
========================================================================
Received Prepare
Registering precompiled user dll's ...
Registered in 0.003288 seconds.
Begin MonoManager ReloadAssembly
Symbol file LoadedFromMemory doesn't match image C:\Users\habip\OneDrive\Masaüstü\UNITY\ödevler\Üretken Akademi Hafta 7\Library\PackageCache\com.unity.visualscripting@1.8.0\Editor\VisualScripting.Core\Dependencies\YamlDotNet\Unity.VisualScripting.YamlDotNet.dll
Symbol file LoadedFromMemory doesn't match image C:\Users\habip\OneDrive\Masaüstü\UNITY\ödevler\Üretken Akademi Hafta 7\Library\PackageCache\com.unity.visualscripting@1.8.0\Editor\VisualScripting.Core\Dependencies\DotNetZip\Unity.VisualScripting.IonicZip.dll
Native extension for WindowsStandalone target not found
Native extension for Android target not found
Native extension for WebGL target not found
Refreshing native plugins compatible for Editor in 0.80 ms, found 3 plugins.
Preloading 0 native plugins for Editor in 0.00 ms.
Mono: successfully reloaded assembly
- Completed reload, in  0.935 seconds
Domain Reload Profiling:
	ReloadAssembly (935ms)
		BeginReloadAssembly (114ms)
			ExecutionOrderSort (0ms)
			DisableScriptedObjects (3ms)
			BackupInstance (0ms)
			ReleaseScriptingObjects (0ms)
			CreateAndSetChildDomain (33ms)
		EndReloadAssembly (736ms)
			LoadAssemblies (68ms)
			RebuildTransferFunctionScriptingTraits (0ms)
			SetupTypeCache (264ms)
			ReleaseScriptCaches (2ms)
			RebuildScriptCaches (42ms)
			SetupLoadedEditorAssemblies (310ms)
				LogAssemblyErrors (0ms)
				InitializePlatformSupportModulesInManaged (25ms)
				SetLoadedEditorAssemblies (0ms)
				RefreshPlugins (1ms)
				BeforeProcessingInitializeOnLoad (63ms)
				ProcessInitializeOnLoadAttributes (196ms)
				ProcessInitializeOnLoadMethodAttributes (19ms)
				AfterProcessingInitializeOnLoad (6ms)
				EditorAssembliesLoaded (0ms)
			ExecutionOrderSort2 (0ms)
			AwakeInstancesAfterBackupRestoration (6ms)
Platform modules already initialized, skipping
Refreshing native plugins compatible for Editor in 3.59 ms, found 3 plugins.
Preloading 0 native plugins for Editor in 0.00 ms.
Unloading 3082 Unused Serialized files (Serialized files now loaded: 0)
Unloading 17 unused Assets / (80.5 KB). Loaded Objects now: 3613.
Memory consumption went from 115.8 MB to 115.7 MB.
Total: 4.820500 ms (FindLiveObjects: 0.308700 ms CreateObjectMapping: 0.119400 ms MarkObjects: 4.248700 ms  DeleteObjects: 0.141800 ms)

AssetImportParameters requested are different than current active one (requested -> active):
  custom:video-decoder-ogg-theora: a1e56fd34408186e4bbccfd4996cb3dc -> 
  custom:container-muxer-webm: aa71ff27fc2769a1b78a27578f13a17b -> 
  custom:container-demuxer-webm: 4f35f7cbe854078d1ac9338744f61a02 -> 
  custom:video-encoder-webm-vp8: eb34c28f22e8b96e1ab97ce403110664 -> 
  custom:video-codec-MediaFoundation-h265: 746d11721c4dcdbdad8f713fa42b33f4 -> 
  custom:audio-encoder-webm-vorbis: bf7c407c2cedff20999df2af8eb42d56 -> 
  custom:framework-win-MediaFoundation: 216162199b28c13a410421893ffa2e32 -> 
  custom:container-demuxer-ogg: 62fdf1f143b41e24485cea50d1cbac27 -> 
  custom:video-decoder-webm-vp8: 9c59270c3fd7afecdb556c50c9e8de78 -> 
  custom:audio-decoder-ogg-vorbis: bf7c407c2cedff20999df2af8eb42d56 -> 
========================================================================
Received Prepare
Registering precompiled user dll's ...
Registered in 0.005286 seconds.
Begin MonoManager ReloadAssembly
Symbol file LoadedFromMemory doesn't match image C:\Users\habip\OneDrive\Masaüstü\UNITY\ödevler\Üretken Akademi Hafta 7\Library\PackageCache\com.unity.visualscripting@1.8.0\Editor\VisualScripting.Core\Dependencies\YamlDotNet\Unity.VisualScripting.YamlDotNet.dll
Symbol file LoadedFromMemory doesn't match image C:\Users\habip\OneDrive\Masaüstü\UNITY\ödevler\Üretken Akademi Hafta 7\Library\PackageCache\com.unity.visualscripting@1.8.0\Editor\VisualScripting.Core\Dependencies\DotNetZip\Unity.VisualScripting.IonicZip.dll
Native extension for WindowsStandalone target not found
Native extension for Android target not found
Native extension for WebGL target not found
Refreshing native plugins compatible for Editor in 0.83 ms, found 3 plugins.
Preloading 0 native plugins for Editor in 0.00 ms.
Mono: successfully reloaded assembly
- Completed reload, in  0.936 seconds
Domain Reload Profiling:
	ReloadAssembly (937ms)
		BeginReloadAssembly (110ms)
			ExecutionOrderSort (0ms)
			DisableScriptedObjects (4ms)
			BackupInstance (0ms)
			ReleaseScriptingObjects (0ms)
			CreateAndSetChildDomain (32ms)
		EndReloadAssembly (739ms)
			LoadAssemblies (68ms)
			RebuildTransferFunctionScriptingTraits (0ms)
			SetupTypeCache (257ms)
			ReleaseScriptCaches (2ms)
			RebuildScriptCaches (42ms)
			SetupLoadedEditorAssemblies (307ms)
				LogAssemblyErrors (0ms)
				InitializePlatformSupportModulesInManaged (28ms)
				SetLoadedEditorAssemblies (0ms)
				RefreshPlugins (1ms)
				BeforeProcessingInitializeOnLoad (63ms)
				ProcessInitializeOnLoadAttributes (193ms)
				ProcessInitializeOnLoadMethodAttributes (17ms)
				AfterProcessingInitializeOnLoad (5ms)
				EditorAssembliesLoaded (0ms)
			ExecutionOrderSort2 (0ms)
			AwakeInstancesAfterBackupRestoration (6ms)
Platform modules already initialized, skipping
Refreshing native plugins compatible for Editor in 3.94 ms, found 3 plugins.
Preloading 0 native plugins for Editor in 0.00 ms.
Unloading 3082 Unused Serialized files (Serialized files now loaded: 0)
Unloading 17 unused Assets / (80.4 KB). Loaded Objects now: 3616.
Memory consumption went from 115.8 MB to 115.7 MB.
Total: 5.185800 ms (FindLiveObjects: 0.594300 ms CreateObjectMapping: 0.298200 ms MarkObjects: 4.125200 ms  DeleteObjects: 0.166000 ms)

AssetImportParameters requested are different than current active one (requested -> active):
  custom:video-decoder-ogg-theora: a1e56fd34408186e4bbccfd4996cb3dc -> 
  custom:container-muxer-webm: aa71ff27fc2769a1b78a27578f13a17b -> 
  custom:container-demuxer-webm: 4f35f7cbe854078d1ac9338744f61a02 -> 
  custom:video-encoder-webm-vp8: eb34c28f22e8b96e1ab97ce403110664 -> 
  custom:video-codec-MediaFoundation-h265: 746d11721c4dcdbdad8f713fa42b33f4 -> 
  custom:audio-encoder-webm-vorbis: bf7c407c2cedff20999df2af8eb42d56 -> 
  custom:framework-win-MediaFoundation: 216162199b28c13a410421893ffa2e32 -> 
  custom:container-demuxer-ogg: 62fdf1f143b41e24485cea50d1cbac27 -> 
  custom:video-decoder-webm-vp8: 9c59270c3fd7afecdb556c50c9e8de78 -> 
  custom:audio-decoder-ogg-vorbis: bf7c407c2cedff20999df2af8eb42d56 -> 
Editor requested this worker to shutdown with reason: Scaling down because of idle timeout
AssetImportWorker is now disconnected from the server
Process exiting
Exiting without the bug reporter. Application will terminate with return code 0