Using pre-set license
Built from '2021.3/staging' branch; Version is '2021.3.18f1 (3129e69bc0c7) revision 3221990'; Using compiler version '192829333'; Build Type 'Release'
OS: 'Windows 11  (10.0.22621) 64bit Professional' Language: 'tr' Physical Memory: 16125 MB
BatchMode: 1, IsHumanControllingUs: 0, StartBugReporterOnCrash: 0, Is64bit: 1, IsPro: 1

COMMAND LINE ARGUMENTS:
C:\Program Files\Unity\Hub\Editor\2021.3.18f1\Editor\Unity.exe
-adb2
-batchMode
-noUpm
-name
AssetImportWorker3
-projectPath
C:/Users/habip/OneDrive/Masaüstü/UNITY/ödevler/Üretken Akademi Hafta 7
-logFile
Logs/AssetImportWorker3.log
-srvPort
61775
Successfully changed project path to: C:/Users/habip/OneDrive/Masaüstü/UNITY/ödevler/Üretken Akademi Hafta 7
C:/Users/habip/OneDrive/Masaüstü/UNITY/ödevler/Üretken Akademi Hafta 7
[UnityMemory] Configuration Parameters - Can be set up in boot.config
    "memorysetup-bucket-allocator-granularity=16"
    "memorysetup-bucket-allocator-bucket-count=8"
    "memorysetup-bucket-allocator-block-size=33554432"
    "memorysetup-bucket-allocator-block-count=8"
    "memorysetup-main-allocator-block-size=16777216"
    "memorysetup-thread-allocator-block-size=16777216"
    "memorysetup-gfx-main-allocator-block-size=16777216"
    "memorysetup-gfx-thread-allocator-block-size=16777216"
    "memorysetup-cache-allocator-block-size=4194304"
    "memorysetup-typetree-allocator-block-size=2097152"
    "memorysetup-profiler-bucket-allocator-granularity=16"
    "memorysetup-profiler-bucket-allocator-bucket-count=8"
    "memorysetup-profiler-bucket-allocator-block-size=33554432"
    "memorysetup-profiler-bucket-allocator-block-count=8"
    "memorysetup-profiler-allocator-block-size=16777216"
    "memorysetup-profiler-editor-allocator-block-size=1048576"
    "memorysetup-temp-allocator-size-main=16777216"
    "memorysetup-job-temp-allocator-block-size=2097152"
    "memorysetup-job-temp-allocator-block-size-background=1048576"
    "memorysetup-job-temp-allocator-reduction-small-platforms=262144"
    "memorysetup-temp-allocator-size-background-worker=32768"
    "memorysetup-temp-allocator-size-job-worker=262144"
    "memorysetup-temp-allocator-size-preload-manager=33554432"
    "memorysetup-temp-allocator-size-nav-mesh-worker=65536"
    "memorysetup-temp-allocator-size-audio-worker=65536"
    "memorysetup-temp-allocator-size-cloud-worker=32768"
    "memorysetup-temp-allocator-size-gi-baking-worker=262144"
    "memorysetup-temp-allocator-size-gfx=262144"
Player connection [9616] Host "[IP] 192.168.1.15 [Port] 0 [Flags] 2 [Guid] 1062308070 [EditorId] 1062308070 [Version] 1048832 [Id] WindowsEditor(7,AKYOL) [Debug] 1 [PackageName] WindowsEditor [ProjectName] Editor" joined multi-casting on [225.0.0.222:54997]...

Player connection [9616] Host "[IP] 192.168.1.15 [Port] 0 [Flags] 2 [Guid] 1062308070 [EditorId] 1062308070 [Version] 1048832 [Id] WindowsEditor(7,AKYOL) [Debug] 1 [PackageName] WindowsEditor [ProjectName] Editor" joined alternative multi-casting on [225.0.0.222:34997]...

Refreshing native plugins compatible for Editor in 81.23 ms, found 3 plugins.
Preloading 0 native plugins for Editor in 0.00 ms.
Initialize engine version: 2021.3.18f1 (3129e69bc0c7)
[Subsystems] Discovering subsystems at path C:/Program Files/Unity/Hub/Editor/2021.3.18f1/Editor/Data/Resources/UnitySubsystems
[Subsystems] Discovering subsystems at path C:/Users/habip/OneDrive/Masaüstü/UNITY/ödevler/Üretken Akademi Hafta 7/Assets
GfxDevice: creating device client; threaded=0; jobified=0
Direct3D:
    Version:  Direct3D 11.0 [level 11.1]
    Renderer: NVIDIA GeForce RTX 3050 Ti Laptop GPU (ID=0x25a0)
    Vendor:   NVIDIA
    VRAM:     3976 MB
    Driver:   31.0.15.3667
Initialize mono
Mono path[0] = 'C:/Program Files/Unity/Hub/Editor/2021.3.18f1/Editor/Data/Managed'
Mono path[1] = 'C:/Program Files/Unity/Hub/Editor/2021.3.18f1/Editor/Data/MonoBleedingEdge/lib/mono/unityjit-win32'
Mono config path = 'C:/Program Files/Unity/Hub/Editor/2021.3.18f1/Editor/Data/MonoBleedingEdge/etc'
Using monoOptions --debugger-agent=transport=dt_socket,embedding=1,server=y,suspend=n,address=127.0.0.1:56760
Begin MonoManager ReloadAssembly
Registering precompiled unity dll's ...
Register platform support module: C:/Program Files/Unity/Hub/Editor/2021.3.18f1/Editor/Data/PlaybackEngines/WebGLSupport/UnityEditor.WebGL.Extensions.dll
Register platform support module: C:/Program Files/Unity/Hub/Editor/2021.3.18f1/Editor/Data/PlaybackEngines/AndroidPlayer/UnityEditor.Android.Extensions.dll
Register platform support module: C:/Program Files/Unity/Hub/Editor/2021.3.18f1/Editor/Data/PlaybackEngines/WindowsStandaloneSupport/UnityEditor.WindowsStandalone.Extensions.dll
Registered in 0.006825 seconds.
Native extension for WindowsStandalone target not found
Native extension for Android target not found
Android Extension - Scanning For ADB Devices 315 ms
Native extension for WebGL target not found
Refreshing native plugins compatible for Editor in 101.65 ms, found 3 plugins.
Preloading 0 native plugins for Editor in 0.00 ms.
Mono: successfully reloaded assembly
- Completed reload, in  1.150 seconds
Domain Reload Profiling:
	ReloadAssembly (1151ms)
		BeginReloadAssembly (82ms)
			ExecutionOrderSort (0ms)
			DisableScriptedObjects (0ms)
			BackupInstance (0ms)
			ReleaseScriptingObjects (0ms)
			CreateAndSetChildDomain (1ms)
		EndReloadAssembly (933ms)
			LoadAssemblies (81ms)
			RebuildTransferFunctionScriptingTraits (0ms)
			SetupTypeCache (153ms)
			ReleaseScriptCaches (0ms)
			RebuildScriptCaches (41ms)
			SetupLoadedEditorAssemblies (672ms)
				LogAssemblyErrors (0ms)
				InitializePlatformSupportModulesInManaged (405ms)
				SetLoadedEditorAssemblies (0ms)
				RefreshPlugins (102ms)
				BeforeProcessingInitializeOnLoad (1ms)
				ProcessInitializeOnLoadAttributes (113ms)
				ProcessInitializeOnLoadMethodAttributes (51ms)
				AfterProcessingInitializeOnLoad (0ms)
				EditorAssembliesLoaded (0ms)
			ExecutionOrderSort2 (0ms)
			AwakeInstancesAfterBackupRestoration (0ms)
Platform modules already initialized, skipping
Registering precompiled user dll's ...
Registered in 0.005723 seconds.
Begin MonoManager ReloadAssembly
Symbol file LoadedFromMemory doesn't match image C:\Users\habip\OneDrive\Masaüstü\UNITY\ödevler\Üretken Akademi Hafta 7\Library\PackageCache\com.unity.visualscripting@1.8.0\Editor\VisualScripting.Core\Dependencies\YamlDotNet\Unity.VisualScripting.YamlDotNet.dll
Symbol file LoadedFromMemory doesn't match image C:\Users\habip\OneDrive\Masaüstü\UNITY\ödevler\Üretken Akademi Hafta 7\Library\PackageCache\com.unity.visualscripting@1.8.0\Editor\VisualScripting.Core\Dependencies\DotNetZip\Unity.VisualScripting.IonicZip.dll
Native extension for WindowsStandalone target not found
Native extension for Android target not found
Native extension for WebGL target not found
Refreshing native plugins compatible for Editor in 0.52 ms, found 3 plugins.
Preloading 0 native plugins for Editor in 0.00 ms.
Mono: successfully reloaded assembly
- Completed reload, in  0.942 seconds
Domain Reload Profiling:
	ReloadAssembly (943ms)
		BeginReloadAssembly (89ms)
			ExecutionOrderSort (0ms)
			DisableScriptedObjects (4ms)
			BackupInstance (0ms)
			ReleaseScriptingObjects (0ms)
			CreateAndSetChildDomain (16ms)
		EndReloadAssembly (767ms)
			LoadAssemblies (59ms)
			RebuildTransferFunctionScriptingTraits (0ms)
			SetupTypeCache (296ms)
			ReleaseScriptCaches (1ms)
			RebuildScriptCaches (45ms)
			SetupLoadedEditorAssemblies (326ms)
				LogAssemblyErrors (0ms)
				InitializePlatformSupportModulesInManaged (19ms)
				SetLoadedEditorAssemblies (0ms)
				RefreshPlugins (1ms)
				BeforeProcessingInitializeOnLoad (90ms)
				ProcessInitializeOnLoadAttributes (198ms)
				ProcessInitializeOnLoadMethodAttributes (13ms)
				AfterProcessingInitializeOnLoad (4ms)
				EditorAssembliesLoaded (0ms)
			ExecutionOrderSort2 (0ms)
			AwakeInstancesAfterBackupRestoration (4ms)
Platform modules already initialized, skipping
========================================================================
Worker process is ready to serve import requests
Launched and connected shader compiler UnityShaderCompiler.exe after 0.05 seconds
Refreshing native plugins compatible for Editor in 1.58 ms, found 3 plugins.
Preloading 0 native plugins for Editor in 0.00 ms.
Unloading 3101 Unused Serialized files (Serialized files now loaded: 0)
Unloading 24 unused Assets / (113.9 KB). Loaded Objects now: 3566.
Memory consumption went from 112.4 MB to 112.3 MB.
Total: 5.579600 ms (FindLiveObjects: 0.283200 ms CreateObjectMapping: 0.193000 ms MarkObjects: 4.924800 ms  DeleteObjects: 0.177200 ms)

AssetImportParameters requested are different than current active one (requested -> active):
  custom:video-decoder-ogg-theora: a1e56fd34408186e4bbccfd4996cb3dc -> 
  custom:container-muxer-webm: aa71ff27fc2769a1b78a27578f13a17b -> 
  custom:container-demuxer-webm: 4f35f7cbe854078d1ac9338744f61a02 -> 
  custom:video-encoder-webm-vp8: eb34c28f22e8b96e1ab97ce403110664 -> 
  custom:video-codec-MediaFoundation-h265: 746d11721c4dcdbdad8f713fa42b33f4 -> 
  custom:audio-encoder-webm-vorbis: bf7c407c2cedff20999df2af8eb42d56 -> 
  custom:framework-win-MediaFoundation: 216162199b28c13a410421893ffa2e32 -> 
  custom:container-demuxer-ogg: 62fdf1f143b41e24485cea50d1cbac27 -> 
  custom:video-decoder-webm-vp8: 9c59270c3fd7afecdb556c50c9e8de78 -> 
  custom:audio-decoder-ogg-vorbis: bf7c407c2cedff20999df2af8eb42d56 -> 
========================================================================
Received Import Request.
  Time since last request: 478919.134221 seconds.
  path: Assets/Obstacle/FBX/Light_Cube2.fbx
  artifactKey: Guid(a55cb7b826b12d5488c03a7df4d4f1e6) Importer(815301076,1909f56bfc062723c751e8b465ee728b)
Start importing Assets/Obstacle/FBX/Light_Cube2.fbx using Guid(a55cb7b826b12d5488c03a7df4d4f1e6) Importer(815301076,1909f56bfc062723c751e8b465ee728b)  -> (artifact id: '01226f0f817fe4f60808b350fb132e5e') in 0.173313 seconds 
========================================================================
Received Import Request.
  Time since last request: 0.000026 seconds.
  path: Assets/Obstacle/FBX/Light_Stand1.fbx
  artifactKey: Guid(467af3e56aa3dbc428c906485935f725) Importer(815301076,1909f56bfc062723c751e8b465ee728b)
Start importing Assets/Obstacle/FBX/Light_Stand1.fbx using Guid(467af3e56aa3dbc428c906485935f725) Importer(815301076,1909f56bfc062723c751e8b465ee728b)  -> (artifact id: 'afa2ec4c9e43651aaf58a3f35d1140b1') in 0.057879 seconds 
========================================================================
Received Import Request.
  Time since last request: 0.000031 seconds.
  path: Assets/Obstacle/FBX/Plate_1.fbx
  artifactKey: Guid(09380cd053f080445b10738e9121c2a6) Importer(815301076,1909f56bfc062723c751e8b465ee728b)
Start importing Assets/Obstacle/FBX/Plate_1.fbx using Guid(09380cd053f080445b10738e9121c2a6) Importer(815301076,1909f56bfc062723c751e8b465ee728b)  -> (artifact id: 'f7b6ccf4e9c351e68ba029246ef64226') in 0.050957 seconds 
========================================================================
Received Import Request.
  Time since last request: 0.000019 seconds.
  path: Assets/Obstacle/FBX/Shelf_Large.fbx
  artifactKey: Guid(2d7b7069c38b6b74b9fe686e7f369679) Importer(815301076,1909f56bfc062723c751e8b465ee728b)
Start importing Assets/Obstacle/FBX/Shelf_Large.fbx using Guid(2d7b7069c38b6b74b9fe686e7f369679) Importer(815301076,1909f56bfc062723c751e8b465ee728b)  -> (artifact id: '473a5edc170b3559fc2a707770b05c17') in 0.051378 seconds 
========================================================================
Received Import Request.
  Time since last request: 0.000023 seconds.
  path: Assets/Obstacle/FBX/Table_RoundSmall2.fbx
  artifactKey: Guid(c0dfb727f52f80c4e9075900457f038f) Importer(815301076,1909f56bfc062723c751e8b465ee728b)
Start importing Assets/Obstacle/FBX/Table_RoundSmall2.fbx using Guid(c0dfb727f52f80c4e9075900457f038f) Importer(815301076,1909f56bfc062723c751e8b465ee728b)  -> (artifact id: 'b14bedd03429c2ac811167eb08c490e0') in 0.021071 seconds 
========================================================================
Received Import Request.
  Time since last request: 0.000023 seconds.
  path: Assets/Obstacle/FBX/Shelf_Small2.fbx
  artifactKey: Guid(4b1f94d9c80927548b602ebcbaf9560e) Importer(815301076,1909f56bfc062723c751e8b465ee728b)
Start importing Assets/Obstacle/FBX/Shelf_Small2.fbx using Guid(4b1f94d9c80927548b602ebcbaf9560e) Importer(815301076,1909f56bfc062723c751e8b465ee728b)  -> (artifact id: '321e1b2cd41970523c3850187c77b200') in 0.020050 seconds 
========================================================================
Received Import Request.
  Time since last request: 0.000026 seconds.
  path: Assets/Obstacle/FBX/Light_Floor3.fbx
  artifactKey: Guid(58f4274fae860cb43a3c851fa1a21af7) Importer(815301076,1909f56bfc062723c751e8b465ee728b)
Start importing Assets/Obstacle/FBX/Light_Floor3.fbx using Guid(58f4274fae860cb43a3c851fa1a21af7) Importer(815301076,1909f56bfc062723c751e8b465ee728b)  -> (artifact id: '5ad5e8af1e0fce93b07ef00b009f3754') in 0.023238 seconds 
========================================================================
Received Import Request.
  Time since last request: 0.000019 seconds.
  path: Assets/Obstacle/FBX/Trashcan_Green.fbx
  artifactKey: Guid(a0b1e9651ee7d604d8a6b12d901b1354) Importer(815301076,1909f56bfc062723c751e8b465ee728b)
Start importing Assets/Obstacle/FBX/Trashcan_Green.fbx using Guid(a0b1e9651ee7d604d8a6b12d901b1354) Importer(815301076,1909f56bfc062723c751e8b465ee728b)  -> (artifact id: '15c3f0402188480673e20125f7339955') in 0.022979 seconds 
========================================================================
Received Import Request.
  Time since last request: 0.000020 seconds.
  path: Assets/Obstacle/FBX/Light_Icosahedron.fbx
  artifactKey: Guid(f3272091cad553b4eab38af270d47759) Importer(815301076,1909f56bfc062723c751e8b465ee728b)
Start importing Assets/Obstacle/FBX/Light_Icosahedron.fbx using Guid(f3272091cad553b4eab38af270d47759) Importer(815301076,1909f56bfc062723c751e8b465ee728b)  -> (artifact id: '65057a8a45220b86a27017756a8d2a2f') in 0.030252 seconds 
========================================================================
Received Import Request.
  Time since last request: 0.000030 seconds.
  path: Assets/Obstacle/FBX/Shelf_2.fbx
  artifactKey: Guid(4a03a7ae7a40191419ffc330cac1697b) Importer(815301076,1909f56bfc062723c751e8b465ee728b)
Start importing Assets/Obstacle/FBX/Shelf_2.fbx using Guid(4a03a7ae7a40191419ffc330cac1697b) Importer(815301076,1909f56bfc062723c751e8b465ee728b)  -> (artifact id: 'ab8d6f1a9ac65bce69b526e28057c92a') in 0.021898 seconds 
========================================================================
Received Import Request.
  Time since last request: 0.000025 seconds.
  path: Assets/Obstacle/FBX/Stool.fbx
  artifactKey: Guid(faf0b93f7a2b4bf458947965bb55b52d) Importer(815301076,1909f56bfc062723c751e8b465ee728b)
Start importing Assets/Obstacle/FBX/Stool.fbx using Guid(faf0b93f7a2b4bf458947965bb55b52d) Importer(815301076,1909f56bfc062723c751e8b465ee728b)  -> (artifact id: '2a401f1aec01a3b4a2e3375cf0097e46') in 0.023144 seconds 
========================================================================
Received Import Request.
  Time since last request: 0.000034 seconds.
  path: Assets/Obstacle/FBX/Light_Desk.fbx
  artifactKey: Guid(a9d66c22906464042a2e2e83ae6636f6) Importer(815301076,1909f56bfc062723c751e8b465ee728b)
Start importing Assets/Obstacle/FBX/Light_Desk.fbx using Guid(a9d66c22906464042a2e2e83ae6636f6) Importer(815301076,1909f56bfc062723c751e8b465ee728b)  -> (artifact id: '90122391b7743244c2019bb42b046d41') in 0.027748 seconds 
========================================================================
Received Import Request.
  Time since last request: 0.000019 seconds.
  path: Assets/Obstacle/FBX/Plate_2.fbx
  artifactKey: Guid(1b5181f908500944d8695ba5bc1d0a9a) Importer(815301076,1909f56bfc062723c751e8b465ee728b)
Start importing Assets/Obstacle/FBX/Plate_2.fbx using Guid(1b5181f908500944d8695ba5bc1d0a9a) Importer(815301076,1909f56bfc062723c751e8b465ee728b)  -> (artifact id: '12ef16b4555c3afc45fe72f7bb1cffae') in 0.020833 seconds 
========================================================================
Received Import Request.
  Time since last request: 0.000031 seconds.
  path: Assets/Obstacle/FBX/Table_RoundSmall.fbx
  artifactKey: Guid(9a9dfde4282adb1418168428c60cb43e) Importer(815301076,1909f56bfc062723c751e8b465ee728b)
Start importing Assets/Obstacle/FBX/Table_RoundSmall.fbx using Guid(9a9dfde4282adb1418168428c60cb43e) Importer(815301076,1909f56bfc062723c751e8b465ee728b)  -> (artifact id: '3c78d77e1ad97074c4329fa0d2dacae6') in 0.026133 seconds 
========================================================================
Received Import Request.
  Time since last request: 0.000027 seconds.
  path: Assets/Obstacle/FBX/NightStand_1.fbx
  artifactKey: Guid(b3b2b82b682339143b3789a7d8e47f43) Importer(815301076,1909f56bfc062723c751e8b465ee728b)
Start importing Assets/Obstacle/FBX/NightStand_1.fbx using Guid(b3b2b82b682339143b3789a7d8e47f43) Importer(815301076,1909f56bfc062723c751e8b465ee728b)  -> (artifact id: '3397f750ca4845e581a99a8baeca26b2') in 0.030257 seconds 
========================================================================
Received Import Request.
  Time since last request: 0.000017 seconds.
  path: Assets/Obstacle/FBX/Light_Floor4.fbx
  artifactKey: Guid(32dbc3353c60bc94ca75b700ea88a21f) Importer(815301076,1909f56bfc062723c751e8b465ee728b)
Start importing Assets/Obstacle/FBX/Light_Floor4.fbx using Guid(32dbc3353c60bc94ca75b700ea88a21f) Importer(815301076,1909f56bfc062723c751e8b465ee728b)  -> (artifact id: '67a488b5f0c3183d4c83948469117de2') in 0.023932 seconds 
========================================================================
Received Import Request.
  Time since last request: 0.992345 seconds.
  path: Assets/Obstacle/FBX/Trashcan_Small2.fbx
  artifactKey: Guid(2968608008048ca4fbfdf032aa2580a6) Importer(815301076,1909f56bfc062723c751e8b465ee728b)
Start importing Assets/Obstacle/FBX/Trashcan_Small2.fbx using Guid(2968608008048ca4fbfdf032aa2580a6) Importer(815301076,1909f56bfc062723c751e8b465ee728b)  -> (artifact id: '9fb1e3698591670a9b8b5d31c49c1d33') in 0.021172 seconds 
========================================================================
Received Import Request.
  Time since last request: 0.000017 seconds.
  path: Assets/Obstacle/FBX/Window_Round2.fbx
  artifactKey: Guid(ff278653625587e4abe4bc00d86370f7) Importer(815301076,1909f56bfc062723c751e8b465ee728b)
Start importing Assets/Obstacle/FBX/Window_Round2.fbx using Guid(ff278653625587e4abe4bc00d86370f7) Importer(815301076,1909f56bfc062723c751e8b465ee728b)  -> (artifact id: '00d2826d0fe5e77e2a9ea005f444701e') in 0.025213 seconds 
========================================================================
Received Import Request.
  Time since last request: 0.000023 seconds.
  path: Assets/Obstacle/FBX/Window_Large2.fbx
  artifactKey: Guid(d6f76fc482ae3ab42801e26a7401978b) Importer(815301076,1909f56bfc062723c751e8b465ee728b)
Start importing Assets/Obstacle/FBX/Window_Large2.fbx using Guid(d6f76fc482ae3ab42801e26a7401978b) Importer(815301076,1909f56bfc062723c751e8b465ee728b)  -> (artifact id: '39acc1690854d52996f98741c6b8646d') in 0.027193 seconds 
========================================================================
Received Import Request.
  Time since last request: 0.000040 seconds.
  path: Assets/Obstacle/FBX/Window_Small1.fbx
  artifactKey: Guid(c29237f8e6b240647b8138f881ae0222) Importer(815301076,1909f56bfc062723c751e8b465ee728b)
Start importing Assets/Obstacle/FBX/Window_Small1.fbx using Guid(c29237f8e6b240647b8138f881ae0222) Importer(815301076,1909f56bfc062723c751e8b465ee728b)  -> (artifact id: '8eda803750ff16ec72b25b20045fcc2d') in 0.026079 seconds 
========================================================================
Received Import Request.
  Time since last request: 0.000025 seconds.
  path: Assets/Obstacle/FBX/Window_Round3.fbx
  artifactKey: Guid(5281468422c68c24082058c466a548f9) Importer(815301076,1909f56bfc062723c751e8b465ee728b)
Start importing Assets/Obstacle/FBX/Window_Round3.fbx using Guid(5281468422c68c24082058c466a548f9) Importer(815301076,1909f56bfc062723c751e8b465ee728b)  -> (artifact id: '540c5515807af9f60c2a7ffb99fb47c7') in 0.023682 seconds 
========================================================================
Received Prepare
Registering precompiled user dll's ...
Registered in 0.003943 seconds.
Begin MonoManager ReloadAssembly
Symbol file LoadedFromMemory doesn't match image C:\Users\habip\OneDrive\Masaüstü\UNITY\ödevler\Üretken Akademi Hafta 7\Library\PackageCache\com.unity.visualscripting@1.8.0\Editor\VisualScripting.Core\Dependencies\YamlDotNet\Unity.VisualScripting.YamlDotNet.dll
Symbol file LoadedFromMemory doesn't match image C:\Users\habip\OneDrive\Masaüstü\UNITY\ödevler\Üretken Akademi Hafta 7\Library\PackageCache\com.unity.visualscripting@1.8.0\Editor\VisualScripting.Core\Dependencies\DotNetZip\Unity.VisualScripting.IonicZip.dll
Native extension for WindowsStandalone target not found
Native extension for Android target not found
Native extension for WebGL target not found
Refreshing native plugins compatible for Editor in 0.53 ms, found 3 plugins.
Preloading 0 native plugins for Editor in 0.00 ms.
Mono: successfully reloaded assembly
- Completed reload, in  0.915 seconds
Domain Reload Profiling:
	ReloadAssembly (916ms)
		BeginReloadAssembly (125ms)
			ExecutionOrderSort (0ms)
			DisableScriptedObjects (3ms)
			BackupInstance (0ms)
			ReleaseScriptingObjects (0ms)
			CreateAndSetChildDomain (33ms)
		EndReloadAssembly (699ms)
			LoadAssemblies (76ms)
			RebuildTransferFunctionScriptingTraits (0ms)
			SetupTypeCache (259ms)
			ReleaseScriptCaches (1ms)
			RebuildScriptCaches (38ms)
			SetupLoadedEditorAssemblies (286ms)
				LogAssemblyErrors (0ms)
				InitializePlatformSupportModulesInManaged (27ms)
				SetLoadedEditorAssemblies (0ms)
				RefreshPlugins (1ms)
				BeforeProcessingInitializeOnLoad (56ms)
				ProcessInitializeOnLoadAttributes (177ms)
				ProcessInitializeOnLoadMethodAttributes (17ms)
				AfterProcessingInitializeOnLoad (6ms)
				EditorAssembliesLoaded (0ms)
			ExecutionOrderSort2 (0ms)
			AwakeInstancesAfterBackupRestoration (6ms)
Platform modules already initialized, skipping
Refreshing native plugins compatible for Editor in 2.83 ms, found 3 plugins.
Preloading 0 native plugins for Editor in 0.00 ms.
Unloading 3082 Unused Serialized files (Serialized files now loaded: 0)
Unloading 17 unused Assets / (80.6 KB). Loaded Objects now: 3613.
Memory consumption went from 115.6 MB to 115.6 MB.
Total: 4.770400 ms (FindLiveObjects: 0.505900 ms CreateObjectMapping: 0.205500 ms MarkObjects: 3.921000 ms  DeleteObjects: 0.136700 ms)

AssetImportParameters requested are different than current active one (requested -> active):
  custom:video-decoder-ogg-theora: a1e56fd34408186e4bbccfd4996cb3dc -> 
  custom:container-muxer-webm: aa71ff27fc2769a1b78a27578f13a17b -> 
  custom:container-demuxer-webm: 4f35f7cbe854078d1ac9338744f61a02 -> 
  custom:video-encoder-webm-vp8: eb34c28f22e8b96e1ab97ce403110664 -> 
  custom:video-codec-MediaFoundation-h265: 746d11721c4dcdbdad8f713fa42b33f4 -> 
  custom:audio-encoder-webm-vorbis: bf7c407c2cedff20999df2af8eb42d56 -> 
  custom:framework-win-MediaFoundation: 216162199b28c13a410421893ffa2e32 -> 
  custom:container-demuxer-ogg: 62fdf1f143b41e24485cea50d1cbac27 -> 
  custom:video-decoder-webm-vp8: 9c59270c3fd7afecdb556c50c9e8de78 -> 
  custom:audio-decoder-ogg-vorbis: bf7c407c2cedff20999df2af8eb42d56 -> 
Editor requested this worker to shutdown with reason: Scaling down because of idle timeout
AssetImportWorker is now disconnected from the server
Process exiting
Exiting without the bug reporter. Application will terminate with return code 0